<?xml version="1.0" encoding="UTF-8"?>
<!-- Generated by org.testng.reporters.JUnitReportReporter -->
<testsuite hostname="DESKTOP-3I63UE2" name="com.javacodegeeks.testng.maven.NewTest" tests="1" failures="0" timestamp="9 Oct 2016 21:32:13 GMT" time="0.011" errors="0">
  <testcase name="exampleOfTestNgMaven" time="0.011" classname="com.javacodegeeks.testng.maven.NewTest"/>
</testsuite> <!-- com.javacodegeeks.testng.maven.NewTest -->
